0 info it worked if it ends with ok
1 verbose cli [ '/usr/bin/nodejs',
1 verbose cli   '/usr/local/bin/npm',
1 verbose cli   'install',
1 verbose cli   'https://github.com/JacobReynolds/firstNodeModule.git' ]
2 info using npm@3.5.2
3 info using node@v5.5.0
4 silly loadCurrentTree Starting
5 silly install loadCurrentTree
6 silly install readLocalPackageData
7 silly fetchPackageMetaData https://github.com/JacobReynolds/firstNodeModule.git
8 silly fetchOtherPackageData https://github.com/JacobReynolds/firstNodeModule.git
9 silly cache add args [ 'https://github.com/JacobReynolds/firstNodeModule.git', null ]
10 verbose cache add spec https://github.com/JacobReynolds/firstNodeModule.git
11 silly cache add parsed spec Result {
11 silly cache add   raw: 'https://github.com/JacobReynolds/firstNodeModule.git',
11 silly cache add   scope: null,
11 silly cache add   name: null,
11 silly cache add   rawSpec: 'https://github.com/JacobReynolds/firstNodeModule.git',
11 silly cache add   spec: 'git+https://github.com/JacobReynolds/firstNodeModule.git',
11 silly cache add   type: 'hosted',
11 silly cache add   hosted:
11 silly cache add    { type: 'github',
11 silly cache add      ssh: 'git@github.com:JacobReynolds/firstNodeModule.git',
11 silly cache add      sshUrl: 'git+ssh://git@github.com/JacobReynolds/firstNodeModule.git',
11 silly cache add      httpsUrl: 'git+https://github.com/JacobReynolds/firstNodeModule.git',
11 silly cache add      gitUrl: 'git://github.com/JacobReynolds/firstNodeModule.git',
11 silly cache add      shortcut: 'github:JacobReynolds/firstNodeModule',
11 silly cache add      directUrl: 'https://raw.githubusercontent.com/JacobReynolds/firstNodeModule/master/package.json' } }
12 verbose addRemoteGit caching https://github.com/JacobReynolds/firstNodeModule.git
13 verbose addRemoteGit git+https://github.com/JacobReynolds/firstNodeModule.git is a repository hosted by github
14 silly tryClone cloning git+https://github.com/JacobReynolds/firstNodeModule.git via git+https://github.com/JacobReynolds/firstNodeModule.git
15 verbose tryClone git-https-github-com-JacobReynolds-firstNodeModule-git-1b3d5676 not in flight; caching
16 verbose makeDirectory /home/pny/.npm/_git-remotes creation not in flight; initializing
17 silly makeDirectory /home/pny/.npm/_git-remotes uid: 1000 gid: 1000
18 info git [ 'clone',
18 info git   '--template=/home/pny/.npm/_git-remotes/_templates',
18 info git   '--mirror',
18 info git   'https://github.com/JacobReynolds/firstNodeModule.git',
18 info git   '/home/pny/.npm/_git-remotes/git-https-github-com-JacobReynolds-firstNodeModule-git-1b3d5676' ]
19 verbose mirrorRemote git+https://github.com/JacobReynolds/firstNodeModule.git git clone https://github.com/JacobReynolds/firstNodeModule.git
20 verbose setPermissions git+https://github.com/JacobReynolds/firstNodeModule.git set permissions on /home/pny/.npm/_git-remotes/git-https-github-com-JacobReynolds-firstNodeModule-git-1b3d5676
21 verbose resolveHead git+https://github.com/JacobReynolds/firstNodeModule.git original treeish: master
22 info git [ 'rev-list', '-n1', 'master' ]
23 silly resolveHead git+https://github.com/JacobReynolds/firstNodeModule.git resolved treeish: 5588aed1103d869eda45e96761f78fc58cad5823
24 verbose resolveHead git+https://github.com/JacobReynolds/firstNodeModule.git resolved Git URL: git+https://github.com/JacobReynolds/firstNodeModule.git#5588aed1103d869eda45e96761f78fc58cad5823
25 silly resolveHead Git working directory: /tmp/npm-31185-73a4cec1/git-cache-4af84681/5588aed1103d869eda45e96761f78fc58cad5823
26 info git [ 'clone',
26 info git   '/home/pny/.npm/_git-remotes/git-https-github-com-JacobReynolds-firstNodeModule-git-1b3d5676',
26 info git   '/tmp/npm-31185-73a4cec1/git-cache-4af84681/5588aed1103d869eda45e96761f78fc58cad5823' ]
27 verbose cloneResolved git+https://github.com/JacobReynolds/firstNodeModule.git clone Cloning into '/tmp/npm-31185-73a4cec1/git-cache-4af84681/5588aed1103d869eda45e96761f78fc58cad5823'...
27 verbose cloneResolved done.
28 info git [ 'checkout', '5588aed1103d869eda45e96761f78fc58cad5823' ]
29 verbose checkoutTreeish git+https://github.com/JacobReynolds/firstNodeModule.git checkout Note: checking out '5588aed1103d869eda45e96761f78fc58cad5823'.
29 verbose checkoutTreeish
29 verbose checkoutTreeish You are in 'detached HEAD' state. You can look around, make experimental
29 verbose checkoutTreeish changes and commit them, and you can discard any commits you make in this
29 verbose checkoutTreeish state without impacting any branches by performing another checkout.
29 verbose checkoutTreeish
29 verbose checkoutTreeish If you want to create a new branch to retain commits you create, you may
29 verbose checkoutTreeish do so (now or later) by using -b with the checkout command again. Example:
29 verbose checkoutTreeish
29 verbose checkoutTreeish   git checkout -b new_branch_name
29 verbose checkoutTreeish
29 verbose checkoutTreeish HEAD is now at 5588aed... stupid readme
30 verbose addLocalDirectory /home/pny/.npm/firstnodemodule/1.0.0/package.tgz not in flight; packing
31 verbose tar pack [ '/home/pny/.npm/firstnodemodule/1.0.0/package.tgz',
31 verbose tar pack   '/tmp/npm-31185-73a4cec1/git-cache-4af84681/5588aed1103d869eda45e96761f78fc58cad5823' ]
32 verbose tarball /home/pny/.npm/firstnodemodule/1.0.0/package.tgz
33 verbose folder /tmp/npm-31185-73a4cec1/git-cache-4af84681/5588aed1103d869eda45e96761f78fc58cad5823
34 verbose addLocalTarball adding from inside cache /home/pny/.npm/firstnodemodule/1.0.0/package.tgz
35 verbose addRemoteGit data._from: git+https://github.com/JacobReynolds/firstNodeModule.git
36 verbose addRemoteGit data._resolved: git+https://github.com/JacobReynolds/firstNodeModule.git#5588aed1103d869eda45e96761f78fc58cad5823
37 silly cache afterAdd firstnodemodule@1.0.0
38 verbose afterAdd /home/pny/.npm/firstnodemodule/1.0.0/package/package.json not in flight; writing
39 verbose afterAdd /home/pny/.npm/firstnodemodule/1.0.0/package/package.json written
40 silly install normalizeTree
41 silly loadCurrentTree Finishing
42 silly loadIdealTree Starting
43 silly install loadIdealTree
44 silly cloneCurrentTree Starting
45 silly install cloneCurrentTreeToIdealTree
46 silly cloneCurrentTree Finishing
47 silly loadShrinkwrap Starting
48 silly install loadShrinkwrap
49 silly loadShrinkwrap Finishing
50 silly loadAllDepsIntoIdealTree Starting
51 silly install loadAllDepsIntoIdealTree
52 silly rollbackFailedOptional Starting
53 silly rollbackFailedOptional Finishing
54 silly runTopLevelLifecycles Starting
55 silly runTopLevelLifecycles Finishing
56 silly install printInstalled
57 verbose stack Error: Refusing to install firstnodemodule as a dependency of itself
57 verbose stack     at checkSelf (/usr/local/lib/node_modules/npm/lib/install/validate-args.js:40:14)
57 verbose stack     at Array.<anonymous> (/usr/local/lib/node_modules/npm/node_modules/slide/lib/bind-actor.js:15:8)
57 verbose stack     at LOOP (/usr/local/lib/node_modules/npm/node_modules/slide/lib/chain.js:15:14)
57 verbose stack     at chain (/usr/local/lib/node_modules/npm/node_modules/slide/lib/chain.js:20:5)
57 verbose stack     at /usr/local/lib/node_modules/npm/lib/install/validate-args.js:15:5
57 verbose stack     at /usr/local/lib/node_modules/npm/node_modules/slide/lib/async-map.js:52:35
57 verbose stack     at Array.forEach (native)
57 verbose stack     at /usr/local/lib/node_modules/npm/node_modules/slide/lib/async-map.js:52:11
57 verbose stack     at Array.forEach (native)
57 verbose stack     at asyncMap (/usr/local/lib/node_modules/npm/node_modules/slide/lib/async-map.js:51:8)
58 verbose cwd /home/pny/Desktop/Projects/firstNodeModule
59 error Linux 3.16.0-59-generic
60 error argv "/usr/bin/nodejs" "/usr/local/bin/npm" "install" "https://github.com/JacobReynolds/firstNodeModule.git"
61 error node v5.5.0
62 error npm  v3.5.2
63 error code ENOSELF
64 error Refusing to install firstnodemodule as a dependency of itself
65 error If you need help, you may report this error at:
65 error     <https://github.com/npm/npm/issues>
66 verbose exit [ 1, true ]
